2025-05-27 21:51:45 {"vid":"26924","goods_type":"play"}
2025-05-27 21:51:49 {"vid":"26924","goods_type":"play"}
2025-05-27 21:51:55 {"vid":"26924","id":"287388","goods_type":"play","episodes":"1"}
2025-05-27 21:52:25 {"vid":"26924","goods_type":"play"}
2025-05-27 21:52:29 {"vid":"26924","goods_type":"play"}
2025-05-27 21:58:22 {"vid":"26924","goods_type":"play"}
2025-05-27 21:58:24 {"vid":"26924","goods_type":"play"}
2025-05-27 21:59:11 {"vid":"41566","goods_type":"play"}
2025-05-27 21:59:13 {"vid":"41566","goods_type":"play"}
2025-05-27 21:59:22 {"vid":"41566","id":"867261","goods_type":"play","episodes":"1"}
2025-05-27 21:59:39 {"vid":"41566","id":"867261","goods_type":"play","episodes":"1"}
2025-05-27 22:06:19 {"vid":"41565","id":"867209","goods_type":"play","episodes":"1"}
2025-05-27 22:06:36 {"vid":"41565","goods_type":"play"}
2025-05-27 22:21:52 {"vid":"26922","goods_type":"play"}
2025-05-27 22:21:55 {"vid":"26922","goods_type":"play"}
2025-05-27 22:22:02 {"vid":"26922","id":"287372","goods_type":"play","episodes":"1"}
2025-05-27 22:22:14 {"vid":"26922","goods_type":"play"}
2025-05-27 22:22:54 {"vid":"26922","id":"287372","goods_type":"play","episodes":"1"}
2025-05-27 22:24:10 {"vid":"26922","goods_type":"play"}
2025-05-27 22:24:31 {"vid":"26922","id":"287372","goods_type":"play","episodes":"1"}
2025-05-27 22:33:50 {"vid":"31427","goods_type":"play","episodes":"all"}
2025-05-27 22:34:11 {"vid":"31427","id":"366198","goods_type":"play","episodes":"1"}
2025-05-27 22:34:45 {"vid":"31427","goods_type":"url","episodes":""}
2025-05-27 22:40:04 {"vid":"31427","id":"366198","goods_type":"play","episodes":"1"}
2025-05-27 22:44:03 {"vid":"31427","goods_type":"play","episodes":"all"}
2025-05-27 22:54:13 {"vid":"31427","id":"366198","goods_type":"play","episodes":"1"}
2025-05-27 22:54:38 {"vid":"31427","goods_type":"play","episodes":"all"}
2025-05-27 22:56:33 {"vid":"41563","id":"867202","goods_type":"play","episodes":"1"}
2025-05-27 23:23:29 {"vid":"40392","id":"824481","goods_type":"play","episodes":"1"}
2025-05-27 23:23:55 {"vid":"40392","goods_type":"play","episodes":"all"}
2025-05-27 23:26:01 {"vid":"40392","id":"824481","goods_type":"play","episodes":"1"}
2025-05-27 23:28:39 {"vid":"40392","id":"824481","goods_type":"play","episodes":"1"}
2025-05-27 23:34:50 {"vid":"41565","id":"867209","goods_type":"play","episodes":"1"}
2025-05-27 23:35:18 {"vid":"41565","id":"867209","goods_type":"play","episodes":"1"}
2025-05-27 23:36:23 {"vid":"41565","goods_type":"play","episodes":"all"}
2025-05-27 23:40:20 {"vid":"41565","id":"867209","goods_type":"play","episodes":"1"}
2025-05-27 23:40:48 {"vid":"41565","goods_type":"play","episodes":"all"}
2025-05-27 23:47:46 {"vid":"41566","id":"867261","goods_type":"play","episodes":"all"}
2025-05-27 23:55:24 {"vid":"41561","id":"867194","goods_type":"play","episodes":"1"}
2025-05-27 23:55:50 {"vid":"41561","goods_type":"play","episodes":"all"}
2025-05-27 23:58:07 {"vid":"41547","id":"866886","goods_type":"play","episodes":"1"}
2025-05-28 00:03:42 {"vid":"41566","id":"867261","goods_type":"play","episodes":"1"}
2025-05-28 00:06:45 {"vid":"41564","id":"867208","goods_type":"play","episodes":"1"}
2025-05-28 00:06:59 {"vid":"41564","id":"867208","goods_type":"play","episodes":"1"}
2025-05-28 00:11:15 {"vid":"41564","goods_type":"play","episodes":"1"}
2025-05-28 00:11:40 {"vid":"41564","goods_type":"play","episodes":"all"}
2025-05-28 00:11:54 {"vid":"41564","goods_type":"play","episodes":"1"}
2025-05-28 00:31:39 {"vid":"41561","goods_type":"play","episodes":"1"}
2025-05-28 00:31:53 {"vid":"41561","goods_type":"play","episodes":"1"}
2025-05-28 00:32:01 {"vid":"41561","goods_type":"play","episodes":"all"}
2025-05-28 00:32:16 {"vid":"41561","goods_type":"play","episodes":"1"}
2025-05-28 00:57:59 {"vid":"41527","goods_type":"play","episodes":"all"}
2025-05-28 00:58:27 {"vid":"41527","goods_type":"play","episodes":"1"}
2025-05-28 01:07:44 {"vid":"36455","goods_type":"play","episodes":"2"}
2025-05-28 01:08:05 {"vid":"36455","goods_type":"play","episodes":"all"}
2025-05-28 01:15:27 {"vid":"41551","goods_type":"play","episodes":"1"}
2025-05-28 01:15:47 {"vid":"41551","goods_type":"play","episodes":"all"}
2025-05-28 17:28:09 {"vid":"41555","goods_type":"play","episodes":"1"}
2025-05-28 17:28:32 {"vid":"41555","goods_type":"play","episodes":"2"}
2025-05-28 17:29:10 {"vid":"41555","goods_type":"play"}
2025-05-28 17:29:15 {"vid":"41555","goods_type":"play"}
2025-05-28 17:29:21 {"vid":"41555","goods_type":"play"}
2025-05-28 17:29:31 {"vid":"41555","goods_type":"play"}
2025-05-28 17:30:04 {"vid":"41555","goods_type":"play","episodes":"4"}
2025-05-28 18:03:43 {"vid":"41555","goods_type":"play","episodes":"6"}
2025-05-28 18:04:25 {"vid":"41555","goods_type":"play"}
2025-05-28 18:04:32 {"vid":"41555","goods_type":"play"}
2025-05-28 18:05:25 {"vid":"41555","goods_type":"url"}
2025-05-28 18:07:09 {"vid":"41524","goods_type":"play","episodes":"1"}
2025-05-28 18:07:48 {"vid":"41524","goods_type":"play","episodes":"2"}
2025-05-28 18:08:32 {"vid":"41524","goods_type":"play","episodes":"6"}
2025-05-28 18:08:51 {"vid":"41524","goods_type":"play"}
2025-05-28 18:10:11 {"vid":"41524","goods_type":"play"}
2025-05-28 18:16:14 {"vid":"30962","goods_type":"play","episodes":"1"}
2025-05-28 18:17:07 {"vid":"30962","goods_type":"play","episodes":"2"}
2025-05-28 18:17:50 {"vid":"30962","goods_type":"play"}
2025-05-28 18:17:55 {"vid":"30962","goods_type":"play"}
2025-05-28 18:18:13 {"vid":"30962","goods_type":"play","episodes":"all"}
2025-05-28 18:22:58 {"vid":"26532","goods_type":"play","episodes":"1"}
2025-05-28 18:23:39 {"vid":"26532","goods_type":"play","episodes":"all"}
2025-05-28 18:23:49 {"vid":"26532","goods_type":"play","episodes":"all"}
2025-05-28 18:24:54 {"vid":"26532","goods_type":"url","episodes":"all"}
2025-05-28 18:29:39 {"vid":"26612","goods_type":"play","episodes":"1"}
2025-05-28 18:30:11 {"vid":"26612","goods_type":"play","episodes":"3"}
2025-05-28 18:30:31 {"vid":"26612","goods_type":"play","episodes":"all"}
2025-05-28 18:35:56 {"vid":"23181","goods_type":"play","episodes":"1"}
2025-05-28 18:40:38 {"vid":"23179","goods_type":"play","episodes":"1"}
2025-05-28 18:42:58 {"vid":"23179","goods_type":"play","episodes":"6"}
2025-05-28 18:43:34 {"vid":"41535","goods_type":"play","episodes":"1"}
2025-05-28 18:44:54 {"vid":"31043","goods_type":"play","episodes":"1"}
2025-05-28 18:45:35 {"vid":"31043","goods_type":"play","episodes":"2"}
2025-05-28 18:58:44 {"vid":"26922","goods_type":"play","episodes":"2"}
2025-05-28 19:03:46 {"vid":"27444","goods_type":"play","episodes":"1"}
2025-05-28 19:12:01 {"vid":"41540","goods_type":"play","episodes":"1"}
2025-05-28 19:17:07 {"vid":"31423","goods_type":"play","episodes":"1"}
2025-05-28 19:23:22 {"vid":"36452","goods_type":"play","episodes":"1"}
2025-05-28 19:24:32 {"vid":"36452","goods_type":"play","episodes":"2"}
2025-05-28 19:24:49 {"vid":"36452","goods_type":"play","episodes":"all"}
2025-05-28 19:25:07 {"vid":"36452","goods_type":"url","episodes":"all"}
2025-05-28 19:25:56 {"vid":"41563","goods_type":"play","episodes":"all"}
2025-05-28 19:26:02 {"vid":"41563","goods_type":"play","episodes":"all"}
2025-05-28 19:26:05 {"vid":"41563","goods_type":"url","episodes":"all"}
2025-05-28 19:26:07 {"vid":"41563","goods_type":"play","episodes":"2"}
2025-05-28 20:24:59 {"vid":"41545","goods_type":"play","episodes":"all"}
2025-05-28 20:38:35 {"vid":"41550","goods_type":"play","episodes":"all"}
2025-05-28 20:40:14 {"vid":"41550","goods_type":"play","episodes":"1"}
2025-05-28 20:45:40 {"vid":"41553","goods_type":"play","episodes":"all"}
2025-05-28 20:45:47 {"vid":"41553","goods_type":"play","episodes":"all"}
2025-05-28 20:48:54 {"vid":"36453","goods_type":"play","episodes":"1"}
2025-05-28 20:49:19 {"vid":"36453","goods_type":"play","episodes":"all"}
2025-05-28 20:49:38 {"vid":"36453","goods_type":"url","episodes":"all"}
2025-05-28 20:58:42 {"vid":"26920","goods_type":"play","episodes":"all"}
2025-05-28 21:06:03 {"vid":"41566","goods_type":"play","episodes":"all"}
2025-05-28 21:08:11 {"vid":"41566","goods_type":"play","episodes":"1"}
2025-05-28 21:08:40 {"vid":"41566","goods_type":"play","episodes":"all"}
2025-05-28 21:10:00 {"vid":"31425","goods_type":"play","episodes":"all"}
2025-05-28 21:32:28 {"vid":"256","goods_type":"play","episodes":"all"}
2025-05-28 21:35:25 {"vid":"256","goods_type":"play","episodes":"all"}
2025-05-28 21:35:29 {"vid":"256","goods_type":"play","episodes":"all"}
2025-05-28 21:35:36 {"vid":"256","goods_type":"play","episodes":"all"}
2025-05-28 21:36:02 {"vid":"256","goods_type":"play","episodes":"all"}
2025-05-28 21:36:13 {"vid":"256","goods_type":"play","episodes":"all"}
2025-05-28 21:36:49 {"vid":"256","goods_type":"play","episodes":"all"}
2025-05-28 21:36:54 {"vid":"256","goods_type":"play","episodes":"all"}
2025-05-28 21:37:27 {"vid":"256","goods_type":"play","episodes":"all"}
2025-05-28 21:38:12 {"vid":"256","goods_type":"play","episodes":"all"}
2025-05-28 21:38:18 {"vid":"256","goods_type":"play","episodes":"all"}
2025-05-28 21:38:33 {"vid":"41548","goods_type":"play","episodes":"all"}
2025-05-28 21:39:51 {"vid":"41548","goods_type":"play","episodes":"all"}
2025-05-28 21:40:16 {"vid":"41548","goods_type":"play","episodes":"all"}
2025-05-28 21:40:23 {"vid":"41548","goods_type":"play","episodes":"1"}
2025-05-28 21:41:19 {"vid":"41548","goods_type":"play","episodes":"all"}
2025-05-28 21:41:22 {"vid":"41548","goods_type":"play","episodes":"all"}
2025-05-28 21:41:56 {"vid":"41548","goods_type":"play","episodes":"all"}
2025-05-28 21:46:58 {"vid":"36454","goods_type":"play","episodes":"all"}
2025-05-28 21:49:26 {"vid":"36454","goods_type":"play","episodes":"all"}
2025-05-28 21:49:29 {"vid":"36454","goods_type":"play","episodes":"all"}
2025-05-28 21:49:33 {"vid":"36454","goods_type":"play","episodes":"all"}
2025-05-28 21:49:39 {"vid":"36454","goods_type":"play","episodes":"all"}
2025-05-28 21:55:48 {"vid":"36454","goods_type":"url","episodes":"all"}
2025-05-28 21:55:51 {"vid":"36454","goods_type":"url","episodes":"all"}
2025-05-28 21:55:55 {"vid":"36454","goods_type":"url","episodes":"all"}
2025-05-28 22:05:00 {"vid":"41534","goods_type":"play","episodes":"all"}
2025-05-28 22:05:03 {"vid":"41534","goods_type":"play","episodes":"all"}
2025-05-28 22:10:21 {"vid":"36447","goods_type":"play","episodes":"all"}
2025-05-28 22:10:26 {"vid":"36447","goods_type":"play","episodes":"all"}
2025-05-28 22:10:40 {"vid":"36447","goods_type":"play","episodes":"all"}
2025-05-28 22:11:08 {"vid":"36447","goods_type":"play","episodes":"all"}
2025-05-28 22:11:14 {"vid":"36447","goods_type":"play","episodes":"all"}
2025-05-28 22:12:23 {"vid":"36447","goods_type":"play","episodes":"all"}
2025-05-28 22:12:27 {"vid":"36447","goods_type":"play","episodes":"all"}
2025-05-28 22:12:31 {"vid":"36447","goods_type":"play","episodes":"all"}
2025-05-28 22:12:37 {"vid":"36447","goods_type":"play","episodes":"all"}
2025-05-28 22:28:06 {"vid":"40394","goods_type":"play","episodes":"all"}
2025-05-28 22:28:15 {"vid":"40394","goods_type":"play","episodes":"all"}
2025-05-28 22:28:19 {"vid":"40394","goods_type":"play","episodes":"1"}
2025-05-28 22:28:30 {"vid":"40394","goods_type":"play","episodes":"1"}
2025-05-28 22:28:49 {"vid":"40394","goods_type":"play","episodes":"all"}
2025-05-28 22:28:55 {"vid":"40394","goods_type":"play","episodes":"all"}
2025-05-28 22:50:09 {"vid":"26531","goods_type":"play","episodes":"all"}
2025-05-28 22:50:12 {"vid":"26531","goods_type":"url","episodes":"all"}
2025-05-28 22:57:47 {"vid":"41554","goods_type":"play","episodes":"1"}
2025-05-28 22:58:05 {"vid":"41554","goods_type":"play","episodes":"2"}
2025-05-28 22:58:27 {"vid":"41554","goods_type":"play","episodes":"all"}
2025-05-28 22:58:31 {"vid":"41554","goods_type":"play","episodes":"all"}
2025-05-28 22:58:38 {"vid":"41554","goods_type":"play","episodes":"all"}
2025-05-28 22:59:00 {"vid":"41554","goods_type":"play","episodes":"3"}
2025-05-28 22:59:03 {"vid":"41554","goods_type":"play","episodes":"all"}
2025-05-28 22:59:08 {"vid":"41554","goods_type":"url","episodes":"all"}
2025-05-28 22:59:17 {"vid":"41554","goods_type":"url","episodes":"all"}
2025-05-28 22:59:19 {"vid":"41554","goods_type":"url","episodes":"all"}
2025-05-28 22:59:22 {"vid":"41554","goods_type":"url","episodes":"all"}
2025-05-28 22:59:25 {"vid":"41554","goods_type":"url","episodes":"all"}
2025-05-28 23:00:01 {"vid":"41554","goods_type":"url","episodes":"all"}
2025-05-28 23:10:48 {"vid":"41554","goods_type":"play","episodes":"all"}
2025-05-28 23:10:52 {"vid":"41554","goods_type":"play","episodes":"all"}
2025-05-28 23:11:07 {"vid":"41554","goods_type":"play","episodes":"3"}
2025-05-28 23:18:49 {"vid":"26531","goods_type":"play"}
2025-05-28 23:18:52 {"vid":"26531","goods_type":"play"}
2025-05-28 23:19:00 {"vid":"26531","id":"282348","goods_type":"play","episodes":"1"}
2025-05-28 23:23:55 {"vid":"41544","goods_type":"play"}
2025-05-28 23:23:58 {"vid":"41544","goods_type":"play"}
2025-05-28 23:24:05 {"vid":"41544","id":"866782","goods_type":"play","episodes":"1"}
2025-05-28 23:24:07 {"vid":"41544","id":"866782","goods_type":"play","episodes":"all"}
2025-05-28 23:24:29 {"vid":"41544","goods_type":"url"}
2025-05-28 23:25:45 {"vid":"31397","goods_type":"play","episodes":"all"}
2025-05-28 23:25:48 {"vid":"31397","goods_type":"play","episodes":"all"}
2025-05-28 23:25:53 {"vid":"31397","goods_type":"play","episodes":"1"}
2025-05-28 23:25:57 {"vid":"31397","goods_type":"play","episodes":"all"}
2025-05-28 23:37:05 {"vid":"41523","goods_type":"url","episodes":"all"}
2025-05-28 23:37:08 {"vid":"41523","goods_type":"url","episodes":"all"}
2025-05-28 23:37:16 {"vid":"41523","goods_type":"play","episodes":"1"}
2025-05-28 23:37:19 {"vid":"41523","goods_type":"play","episodes":"all"}
2025-05-28 23:37:22 {"vid":"41523","goods_type":"url","episodes":"all"}
2025-05-28 23:37:27 {"vid":"41523","goods_type":"play","episodes":"1"}
2025-05-28 23:37:34 {"vid":"41523","goods_type":"url","episodes":"all"}
2025-05-28 23:37:37 {"vid":"41523","goods_type":"url","episodes":"all"}
2025-05-28 23:37:40 {"vid":"41523","goods_type":"url","episodes":"all"}
2025-05-28 23:37:47 {"vid":"41523","goods_type":"play","episodes":"1"}
2025-05-28 23:38:20 {"vid":"41523","goods_type":"play","episodes":"all"}
2025-05-28 23:52:53 {"vid":"30173","goods_type":"play","episodes":"all"}
2025-05-28 23:52:57 {"vid":"30173","goods_type":"play","episodes":"all"}
2025-05-28 23:53:03 {"vid":"30173","goods_type":"play","episodes":"1"}
2025-05-28 23:53:07 {"vid":"30173","goods_type":"play","episodes":"all"}
2025-05-28 23:53:10 {"vid":"30173","goods_type":"url","episodes":"all"}
2025-05-28 23:53:15 {"vid":"30173","goods_type":"play","episodes":"1"}
2025-05-28 23:53:59 {"vid":"27446","goods_type":"url","episodes":"all"}
2025-05-28 23:54:08 {"vid":"30173","goods_type":"url","episodes":"all"}
2025-05-28 23:54:11 {"vid":"30173","goods_type":"url","episodes":"all"}
2025-05-28 23:54:15 {"vid":"30173","goods_type":"url","episodes":"all"}
2025-05-28 23:54:20 {"vid":"30173","goods_type":"play","episodes":"all"}
2025-05-28 23:54:24 {"vid":"30173","goods_type":"play","episodes":"all"}
2025-05-28 23:54:28 {"vid":"30173","goods_type":"play","episodes":"all"}
2025-05-28 23:54:38 {"vid":"30173","goods_type":"play","episodes":"all"}
2025-05-28 23:59:54 {"vid":"30173","goods_type":"url","episodes":"all"}
2025-05-29 00:00:02 {"vid":"30173","goods_type":"url","episodes":"all"}
2025-05-29 00:00:07 {"vid":"30173","goods_type":"play","episodes":"all"}
2025-05-29 00:00:11 {"vid":"30173","goods_type":"play","episodes":"all"}
2025-05-29 00:00:25 {"vid":"30173","goods_type":"url","episodes":"all"}
2025-05-29 00:00:37 {"vid":"30177","goods_type":"play","episodes":"all"}
2025-05-29 00:00:40 {"vid":"30177","goods_type":"play","episodes":"all"}
2025-05-29 00:00:51 {"vid":"30177","goods_type":"play","episodes":"all"}
2025-05-29 00:00:53 {"vid":"30177","goods_type":"play","episodes":"1"}
2025-05-29 00:00:56 {"vid":"30177","goods_type":"play","episodes":"all"}
2025-05-29 00:00:58 {"vid":"30177","goods_type":"play","episodes":"1"}
2025-05-29 00:01:06 {"vid":"30177","goods_type":"play","episodes":"all"}
2025-05-29 00:04:04 {"vid":"30177","goods_type":"play","episodes":"all"}
2025-05-29 00:04:12 {"vid":"30177","goods_type":"play","episodes":"all"}
2025-05-29 00:04:14 {"vid":"30177","goods_type":"url","episodes":"all"}
2025-05-29 00:04:19 {"vid":"30177","goods_type":"play","episodes":"all"}
2025-05-29 00:07:48 {"vid":"30177","goods_type":"play","episodes":"all"}
2025-05-29 00:07:51 {"vid":"30177","goods_type":"play","episodes":"all"}
2025-05-29 00:07:56 {"vid":"30177","goods_type":"play","episodes":"all"}
2025-05-29 00:08:00 {"vid":"30177","goods_type":"url","episodes":"all"}
2025-05-29 00:08:15 {"vid":"30177","goods_type":"play"}
2025-05-29 00:08:18 {"vid":"30177","goods_type":"play","episodes":"all"}
2025-05-29 00:08:40 {"vid":"30177","goods_type":"play","episodes":"all"}
2025-05-29 00:09:12 {"vid":"41555","goods_type":"play","episodes":"all"}
2025-05-29 00:09:29 {"vid":"41552","goods_type":"play","episodes":"all"}
2025-05-29 00:09:36 {"vid":"41552","goods_type":"play","episodes":"1"}
2025-05-29 00:10:21 {"vid":"41552","goods_type":"play","episodes":"all"}
2025-05-29 00:10:25 {"vid":"41552","goods_type":"play","episodes":"all"}
2025-05-29 00:10:42 {"vid":"41552","goods_type":"url","episodes":"all"}
2025-05-29 00:15:52 {"vid":"40386","goods_type":"play","episodes":"all"}
2025-05-29 00:26:39 {"vid":"41520","goods_type":"play","episodes":"all"}
2025-05-29 00:26:44 {"vid":"41520","goods_type":"play","episodes":"1"}
2025-05-29 00:30:43 {"vid":"41520","goods_type":"play","episodes":"all"}
2025-05-29 00:30:51 {"vid":"41520","goods_type":"play","episodes":"1"}
2025-05-29 00:32:22 {"vid":"41530","goods_type":"play","episodes":"1"}
2025-05-29 00:33:05 {"vid":"41530","goods_type":"play","episodes":"all"}
2025-05-29 00:33:16 {"vid":"27446","goods_type":"play","episodes":"1"}
2025-05-29 00:35:00 {"vid":"41530","goods_type":"play","episodes":"1"}
2025-05-29 00:35:07 {"vid":"41530","goods_type":"play","episodes":"all"}
2025-05-29 00:43:05 {"vid":"41530","goods_type":"play","episodes":"all"}
2025-05-29 00:43:20 {"vid":"36450","goods_type":"play","episodes":"all"}
2025-05-29 00:43:29 {"vid":"36450","goods_type":"play","episodes":"1"}
2025-05-29 00:43:31 {"vid":"36450","goods_type":"play","episodes":"all"}
2025-05-29 00:43:34 {"vid":"36450","goods_type":"play","episodes":"all"}
2025-05-29 00:49:34 {"vid":"41556","goods_type":"play","episodes":"1"}
2025-05-29 00:49:38 {"vid":"41556","goods_type":"play","episodes":"1"}
2025-05-29 00:49:58 {"vid":"41556","goods_type":"play","episodes":"all"}
2025-05-29 00:50:02 {"vid":"41556","goods_type":"play","episodes":"all"}
2025-05-29 00:50:14 {"vid":"41556","goods_type":"play","episodes":"all"}
2025-05-29 00:50:28 {"vid":"41556","goods_type":"play","episodes":"all"}
2025-05-29 00:53:14 {"vid":"41556","goods_type":"play","episodes":"all"}
2025-05-29 00:53:29 {"vid":"41556","goods_type":"play","episodes":"all"}
2025-05-29 01:00:39 {"vid":"41556","goods_type":"play","episodes":"all"}
2025-05-29 01:02:39 {"vid":"41556","goods_type":"play","episodes":"all"}
2025-05-29 01:02:42 {"vid":"41556","goods_type":"play","episodes":"all"}
2025-05-29 01:02:45 {"vid":"41556","goods_type":"play","episodes":"all"}
2025-05-29 01:02:48 {"vid":"41556","goods_type":"play","episodes":"all"}
2025-05-29 01:02:54 {"vid":"41556","goods_type":"url","episodes":"all"}
2025-05-29 01:03:03 {"vid":"41556","goods_type":"play","episodes":"all"}
2025-05-29 01:03:07 {"vid":"41556","goods_type":"play","episodes":"all"}
2025-05-29 01:03:10 {"vid":"41556","goods_type":"play","episodes":"all"}
2025-05-29 01:03:13 {"vid":"41556","goods_type":"play","episodes":"all"}
2025-05-29 01:03:25 {"vid":"41556","goods_type":"play","episodes":"all"}
2025-05-29 01:03:37 {"vid":"41556","goods_type":"play","episodes":"all"}
2025-05-29 01:04:40 {"vid":"41556","goods_type":"play","episodes":"all"}
2025-05-29 01:04:43 {"vid":"41556","goods_type":"play","episodes":"all"}
2025-05-29 01:04:47 {"vid":"41556","goods_type":"url","episodes":"all"}
2025-05-29 01:04:49 {"vid":"41556","goods_type":"play","episodes":"all"}
2025-05-29 01:05:05 {"vid":"41556","goods_type":"play","episodes":"all"}
2025-05-29 01:05:53 {"vid":"41556","goods_type":"play","episodes":"all"}
2025-05-29 01:08:51 {"vid":"41556","goods_type":"play","episodes":"all"}
2025-05-29 01:08:54 {"vid":"41556","goods_type":"url","episodes":"all"}
2025-05-29 01:08:57 {"vid":"41556","goods_type":"play","episodes":"all"}
2025-05-29 01:09:00 {"vid":"41556","goods_type":"url","episodes":"all"}
2025-05-29 01:09:03 {"vid":"41556","goods_type":"play","episodes":"all"}
2025-05-29 01:12:11 {"vid":"41530","goods_type":"play","episodes":"1"}
2025-05-29 01:12:33 {"vid":"41530","goods_type":"play","episodes":"all"}
2025-05-29 01:12:37 {"vid":"41530","goods_type":"url","episodes":"all"}
2025-05-29 01:26:52 {"vid":"41565","goods_type":"play","episodes":"all"}
2025-05-29 01:27:17 {"vid":"31419","goods_type":"play","episodes":"all"}
2025-05-29 01:27:40 {"vid":"31421","goods_type":"play","episodes":"1"}
2025-05-29 01:28:19 {"vid":"31421","goods_type":"play","episodes":"all"}
2025-05-29 01:28:22 {"vid":"31421","goods_type":"url","episodes":"all"}
2025-05-29 01:31:58 {"vid":"26914","goods_type":"play","episodes":"1"}
2025-05-29 01:32:17 {"vid":"26914","goods_type":"play","episodes":"all"}
2025-05-29 01:36:11 {"vid":"7107","goods_type":"play","episodes":"all"}
2025-05-29 01:36:38 {"vid":"27443","goods_type":"play","episodes":"1"}
2025-05-29 01:38:16 {"vid":"40384","goods_type":"play","episodes":"all"}
2025-05-29 01:38:39 {"vid":"36440","goods_type":"play","episodes":"1"}
2025-05-29 01:40:40 {"vid":"36440","goods_type":"play","episodes":"2"}
2025-05-29 01:40:59 {"vid":"36440","goods_type":"play","episodes":"all"}
2025-05-29 01:43:06 {"vid":"10138","goods_type":"play","episodes":"1"}
2025-05-29 01:43:18 {"vid":"10138","goods_type":"play","episodes":"all"}
2025-05-29 01:46:55 {"vid":"41552","goods_type":"play","episodes":"2"}
2025-05-29 01:47:05 {"vid":"41552","goods_type":"play","episodes":"all"}
2025-05-29 01:49:50 {"vid":"26525","goods_type":"play","episodes":"1"}
2025-05-29 01:50:01 {"vid":"26525","goods_type":"play","episodes":"all"}
2025-05-29 01:55:11 {"vid":"27438","goods_type":"play","episodes":"1"}
2025-05-29 01:55:21 {"vid":"27438","goods_type":"play","episodes":"1"}
2025-05-29 01:55:28 {"vid":"27438","goods_type":"play","episodes":"1"}
2025-05-29 01:55:31 {"vid":"27438","goods_type":"play","episodes":"1"}
2025-05-29 01:57:07 {"vid":"27438","goods_type":"play","episodes":"all"}
2025-05-29 01:57:15 {"vid":"27438","goods_type":"play","episodes":"all"}
2025-05-29 01:57:24 {"vid":"27438","goods_type":"play","episodes":"1"}
2025-05-29 01:58:55 {"vid":"27438","goods_type":"play","episodes":"all"}
2025-05-29 01:58:59 {"vid":"27438","goods_type":"play","episodes":"all"}
2025-05-29 01:59:08 {"vid":"27442","goods_type":"play","episodes":"all"}
2025-05-29 01:59:17 {"vid":"27442","goods_type":"play","episodes":"1"}
2025-05-29 01:59:20 {"vid":"27442","goods_type":"play","episodes":"1"}
2025-05-29 01:59:23 {"vid":"27442","goods_type":"play","episodes":"1"}
2025-05-29 01:59:31 {"vid":"27442","goods_type":"play","episodes":"1"}
2025-05-29 02:02:53 {"vid":"27442","goods_type":"play","episodes":"1"}
2025-05-29 02:03:04 {"vid":"27442","goods_type":"play","episodes":"all"}
2025-05-29 13:59:36 {"vid":"41547","goods_type":"play","episodes":"all"}
2025-05-29 13:59:45 {"vid":"41547","goods_type":"play","episodes":"1"}
2025-05-29 14:02:04 {"vid":"41530","goods_type":"play","episodes":"2"}
2025-05-29 14:05:46 {"vid":"41530","goods_type":"play","episodes":"all"}
2025-05-29 14:05:48 {"vid":"41530","goods_type":"play","episodes":"all"}
2025-05-29 14:05:50 {"vid":"41530","goods_type":"play","episodes":"all"}
2025-05-29 14:05:52 {"vid":"41530","goods_type":"play","episodes":"all"}
2025-05-29 14:05:54 {"vid":"41530","goods_type":"play","episodes":"all"}
2025-05-29 14:05:56 {"vid":"41530","goods_type":"play","episodes":"all"}
2025-05-29 14:05:57 {"vid":"41530","goods_type":"play","episodes":"all"}
2025-05-29 14:05:58 {"vid":"41530","goods_type":"play","episodes":"all"}
2025-05-29 14:07:50 {"vid":"41530","goods_type":"play","episodes":"all"}
2025-05-29 14:09:32 {"vid":"41530","goods_type":"play","episodes":"all"}
2025-05-29 14:09:33 {"vid":"41530","goods_type":"play","episodes":"all"}
2025-05-29 14:09:33 {"vid":"41530","goods_type":"play","episodes":"all"}
2025-05-29 14:09:33 {"vid":"41530","goods_type":"play","episodes":"all"}
2025-05-29 14:09:34 {"vid":"41530","goods_type":"play","episodes":"all"}
2025-05-29 14:12:53 {"vid":"41547","goods_type":"play","episodes":"all"}
2025-05-29 14:14:42 {"vid":"41547","goods_type":"play","episodes":"all"}
2025-05-29 14:18:14 {"vid":"41560","goods_type":"play","episodes":"all"}
2025-05-29 14:20:02 {"vid":"41560","goods_type":"play","episodes":"all"}
2025-05-29 14:20:03 {"vid":"41560","goods_type":"play","episodes":"all"}
2025-05-29 14:20:03 {"vid":"41560","goods_type":"play","episodes":"all"}
2025-05-29 14:20:03 {"vid":"41560","goods_type":"play","episodes":"all"}
2025-05-29 14:20:04 {"vid":"41560","goods_type":"play","episodes":"all"}
2025-05-29 14:20:34 {"vid":"41566","goods_type":"play","episodes":"all"}
2025-05-29 14:22:47 {"vid":"41565","goods_type":"play","episodes":"all"}
2025-05-29 14:24:33 {"vid":"41565","goods_type":"play","episodes":"all"}
2025-05-29 14:24:33 {"vid":"41565","goods_type":"play","episodes":"all"}
2025-05-29 14:24:34 {"vid":"41565","goods_type":"play","episodes":"all"}
2025-05-29 14:24:43 {"vid":"41565","goods_type":"play","episodes":"all"}
2025-05-29 14:24:43 {"vid":"41565","goods_type":"play","episodes":"all"}
2025-05-29 14:24:44 {"vid":"41565","goods_type":"play","episodes":"all"}
2025-05-29 14:24:44 {"vid":"41565","goods_type":"play","episodes":"all"}
2025-05-29 14:24:46 {"vid":"41565","goods_type":"play","episodes":"all"}
2025-05-29 14:24:46 {"vid":"41565","goods_type":"play","episodes":"all"}
2025-05-29 14:24:47 {"vid":"41565","goods_type":"play","episodes":"all"}
2025-05-29 14:24:47 {"vid":"41565","goods_type":"play","episodes":"all"}
2025-05-29 14:24:47 {"vid":"41565","goods_type":"play","episodes":"all"}
2025-05-29 14:24:47 {"vid":"41565","goods_type":"play","episodes":"all"}
2025-05-29 14:24:47 {"vid":"41565","goods_type":"play","episodes":"all"}
2025-05-29 14:24:48 {"vid":"41565","goods_type":"play","episodes":"all"}
2025-05-29 14:24:48 {"vid":"41565","goods_type":"play","episodes":"all"}
2025-05-29 14:24:48 {"vid":"41565","goods_type":"play","episodes":"all"}
2025-05-29 14:25:01 {"vid":"41549","goods_type":"play","episodes":"all"}
2025-05-29 14:27:29 {"vid":"41549","goods_type":"play","episodes":"all"}
2025-05-29 14:29:13 {"vid":"41549","goods_type":"play","episodes":"all"}
2025-05-29 14:29:13 {"vid":"41549","goods_type":"play","episodes":"all"}
2025-05-29 14:29:13 {"vid":"41549","goods_type":"play","episodes":"all"}
2025-05-29 14:31:04 {"vid":"41549","goods_type":"play","episodes":"all"}
2025-05-29 14:32:38 {"vid":"41560","goods_type":"play","episodes":"all"}
2025-05-29 14:37:11 {"vid":"41562","goods_type":"play","episodes":"all"}
2025-05-29 14:41:58 {"vid":"41563","goods_type":"play","episodes":"all"}
2025-05-29 14:47:17 {"vid":"41564","goods_type":"play","episodes":"all"}
2025-05-29 14:56:43 {"vid":"41559","goods_type":"play","episodes":"all"}
2025-05-29 15:48:18 {"vid":"41565","goods_type":"play","episodes":"all"}
2025-05-29 15:57:12 {"vid":"31421","goods_type":"play","episodes":"2"}
2025-05-29 15:57:19 {"vid":"31421","goods_type":"play","episodes":"2"}
2025-05-29 15:58:02 {"vid":"31421","goods_type":"play","episodes":"2"}
2025-05-29 15:58:28 {"vid":"31421","goods_type":"play","episodes":"2"}
2025-05-29 15:58:31 {"vid":"31421","goods_type":"play","episodes":"2"}
2025-05-29 15:58:50 {"vid":"31421","goods_type":"play","episodes":"2"}
2025-05-29 16:01:00 {"vid":"31421","goods_type":"play","episodes":"2"}
2025-05-29 16:01:08 {"vid":"31421","goods_type":"play","episodes":"2"}
2025-05-29 16:03:41 {"vid":"41533","goods_type":"play","episodes":"32"}
2025-05-29 16:05:44 {"vid":"41533","goods_type":"play","episodes":"32"}
2025-05-29 16:06:21 {"vid":"41558","goods_type":"play","episodes":"all"}
2025-05-29 16:06:27 {"vid":"41558","goods_type":"url","episodes":"all"}
2025-05-29 16:08:17 {"vid":"41528","goods_type":"play","episodes":"1"}
2025-05-29 16:15:08 {"vid":"41528","goods_type":"play","episodes":"1"}
2025-05-29 16:20:04 {"vid":"41528","goods_type":"play","episodes":"2"}
2025-05-29 16:22:46 {"vid":"41528","goods_type":"play","episodes":"3"}
2025-05-29 16:35:51 {"vid":"41528","goods_type":"play","episodes":"4"}
2025-05-29 16:38:17 {"vid":"41528","goods_type":"play","episodes":"5"}
2025-05-29 16:44:38 {"vid":"41528","goods_type":"play","episodes":"6"}
2025-05-29 16:45:15 {"vid":"41552","goods_type":"play","episodes":"5"}
2025-05-29 16:48:58 {"vid":"41528","goods_type":"play","episodes":"7"}
2025-05-29 16:49:22 {"vid":"41528","goods_type":"play","episodes":"8"}
2025-05-29 16:56:54 {"vid":"41528","goods_type":"play","episodes":"9"}
2025-05-29 16:57:08 {"vid":"41528","goods_type":"play","episodes":"10"}
2025-05-29 16:57:13 {"vid":"41528","goods_type":"play","episodes":"10"}
2025-05-29 16:59:35 {"vid":"41552","goods_type":"play","episodes":"6"}
2025-05-29 17:00:28 {"vid":"41552","goods_type":"play","episodes":"7"}
2025-05-29 17:01:01 {"vid":"41552","goods_type":"play","episodes":"8"}
2025-05-29 17:02:14 {"vid":"41552","goods_type":"play","episodes":"8"}
2025-05-29 17:02:54 {"vid":"41552","goods_type":"play","episodes":"9"}
2025-05-29 17:13:32 {"vid":"41528","goods_type":"play","episodes":"11"}
2025-05-29 17:14:52 {"vid":"31420","goods_type":"play","episodes":"1"}
2025-05-29 17:18:17 {"vid":"31420","goods_type":"play","episodes":"2"}
2025-05-29 17:18:45 {"vid":"31420","goods_type":"play","episodes":"3"}
2025-05-29 17:25:21 {"vid":"36450","goods_type":"play","episodes":"1"}
2025-05-29 17:25:38 {"vid":"36450","goods_type":"play","episodes":"2"}
2025-05-29 17:30:29 {"vid":"31420","goods_type":"play","episodes":"4"}
2025-05-29 17:32:10 {"vid":"31420","goods_type":"play","episodes":"5"}
2025-05-29 17:35:00 {"vid":"31420","goods_type":"play","episodes":"6"}
2025-05-29 17:41:01 {"vid":"31420","goods_type":"play","episodes":"7"}
2025-05-29 17:42:55 {"vid":"31420","goods_type":"play","episodes":"7"}
2025-05-29 17:43:33 {"vid":"31420","goods_type":"play","episodes":"8"}
2025-05-29 17:48:38 {"vid":"41558","goods_type":"play","episodes":"1"}
2025-05-29 17:49:15 {"vid":"41558","goods_type":"play","episodes":"2"}
2025-05-29 17:52:36 {"vid":"41558","goods_type":"play","episodes":"2"}
2025-05-29 17:52:48 {"vid":"41558","goods_type":"play","episodes":"2"}
2025-05-29 18:01:23 {"vid":"41558","goods_type":"play","episodes":"3"}
2025-05-29 18:06:52 {"vid":"41558","goods_type":"play","episodes":"4"}
2025-05-29 18:07:11 {"vid":"41558","goods_type":"play","episodes":"5"}
2025-05-29 18:09:19 {"vid":"41558","goods_type":"play","episodes":"6"}
2025-05-29 18:10:09 {"vid":"41552","goods_type":"play","episodes":"1"}
2025-05-29 18:24:06 {"vid":"41552","goods_type":"play","episodes":"2"}
2025-05-29 18:28:31 {"vid":"41552","goods_type":"play","episodes":"3"}
2025-05-29 18:29:00 {"vid":"41558","goods_type":"play","episodes":"7"}
2025-05-29 18:32:30 {"vid":"22464","goods_type":"play","episodes":"1"}
2025-05-29 18:33:18 {"vid":"22464","goods_type":"play","episodes":"2"}
2025-05-29 18:33:33 {"vid":"22464","goods_type":"play","episodes":"3"}
2025-05-29 18:34:10 {"vid":"22464","goods_type":"play","episodes":"all"}
2025-05-29 18:35:07 {"vid":"41552","goods_type":"play","episodes":"10"}
2025-05-29 18:35:48 {"vid":"27446","goods_type":"play","episodes":"1"}
2025-05-29 18:36:25 {"vid":"41552","goods_type":"play","episodes":"4"}
2025-05-29 18:37:04 {"vid":"41563","goods_type":"play","episodes":"1"}
2025-05-29 18:37:21 {"vid":"41563","goods_type":"play","episodes":"1"}
2025-05-29 18:37:38 {"vid":"41563","goods_type":"play","episodes":"1"}
2025-05-29 18:37:55 {"vid":"41563","goods_type":"play","episodes":"1"}
2025-05-29 18:38:18 {"vid":"41563","goods_type":"play","episodes":"1"}
2025-05-29 18:38:38 {"vid":"41563","goods_type":"play","episodes":"2"}
2025-05-29 18:38:58 {"vid":"41563","goods_type":"play","episodes":"3"}
2025-05-29 18:39:17 {"vid":"41563","goods_type":"play","episodes":"4"}
2025-05-29 18:39:45 {"vid":"41563","goods_type":"play","episodes":"5"}
2025-05-29 18:40:19 {"vid":"41563","goods_type":"play","episodes":"6"}
2025-05-29 18:41:36 {"vid":"41564","goods_type":"play","episodes":"1"}
2025-05-29 18:42:23 {"vid":"31427","goods_type":"play","episodes":"1"}
2025-05-29 18:42:45 {"vid":"31427","goods_type":"play","episodes":"2"}
2025-05-29 18:43:04 {"vid":"31427","goods_type":"play","episodes":"3"}
2025-05-29 18:43:21 {"vid":"31427","goods_type":"play","episodes":"4"}
2025-05-29 18:44:06 {"vid":"41558","goods_type":"play","episodes":"8"}
2025-05-29 18:44:50 {"vid":"41559","goods_type":"play","episodes":"1"}
2025-05-29 18:45:31 {"vid":"41558","goods_type":"play","episodes":"9"}
2025-05-29 18:47:22 {"vid":"31420","goods_type":"play","episodes":"8"}
2025-05-29 18:48:20 {"vid":"31420","goods_type":"play","episodes":"9"}
2025-05-29 21:10:11 {"vid":"27436","goods_type":"play","episodes":"1"}
2025-05-29 22:04:00 {"vid":"41532","goods_type":"play","episodes":"1"}
2025-05-29 22:05:07 {"vid":"41537","goods_type":"play","episodes":"1"}
2025-05-29 22:06:27 {"vid":"41537","goods_type":"play","episodes":"2"}
2025-05-29 22:08:49 {"vid":"41554","goods_type":"play","episodes":"3"}
2025-05-29 22:13:44 {"vid":"41554","goods_type":"play","episodes":"4"}
2025-05-29 22:14:30 {"vid":"41538","goods_type":"play","episodes":"2"}
2025-05-29 22:25:29 {"vid":"41552","goods_type":"play","episodes":"11"}
2025-05-29 22:29:52 {"vid":"41537","goods_type":"play","episodes":"1"}
2025-05-29 22:33:28 {"vid":"41558","goods_type":"play","episodes":"1"}
2025-05-29 22:34:01 {"vid":"41558","goods_type":"play","episodes":"2"}
2025-05-29 22:34:48 {"vid":"41558","goods_type":"play","episodes":"all"}
2025-05-29 22:35:04 {"vid":"41557","goods_type":"play","episodes":"all"}
2025-05-29 22:35:21 {"vid":"41561","goods_type":"url","episodes":"all"}
2025-05-29 22:36:13 {"vid":"26923","goods_type":"url","episodes":"all"}
2025-05-29 22:47:56 {"vid":"31422","goods_type":"url","episodes":"all"}
2025-05-29 23:04:31 {"vid":"41548","goods_type":"url","episodes":"all"}
2025-05-29 23:04:56 {"vid":"41557","goods_type":"url","episodes":"all"}
2025-05-29 23:24:07 {"vid":"41551","goods_type":"url","episodes":"all"}
2025-05-29 23:24:22 {"vid":"41527","goods_type":"url","episodes":"all"}
2025-05-29 23:24:43 {"vid":"40396","goods_type":"url","episodes":"all"}
2025-05-29 23:25:17 {"vid":"31395","goods_type":"url","episodes":"all"}
2025-05-29 23:34:35 {"vid":"40386","goods_type":"url","episodes":"all"}
2025-05-29 23:35:33 {"vid":"41559","goods_type":"play","episodes":"2"}
2025-05-29 23:38:26 {"vid":"41559","goods_type":"url","episodes":"all"}
2025-05-29 23:41:41 {"vid":"26918","goods_type":"url","episodes":"all"}
2025-05-29 23:48:20 {"vid":"27435","goods_type":"url"}
2025-05-30 00:00:54 {"vid":"41521","goods_type":"url"}
2025-05-30 00:01:27 {"vid":"26922","goods_type":"play"}
2025-05-30 00:01:31 {"vid":"26922","goods_type":"play"}
2025-05-30 00:01:49 {"vid":"26922","goods_type":"play","episodes":"all"}
2025-05-30 00:01:59 {"vid":"26922","goods_type":"url","episodes":"all"}
2025-05-30 00:02:09 {"vid":"31423","goods_type":"url","episodes":"all"}
2025-05-30 00:02:33 {"vid":"31421","goods_type":"play","episodes":"2"}
2025-05-30 00:04:58 {"vid":"31421","goods_type":"url","episodes":"all"}
2025-05-30 00:20:17 {"vid":"31421","goods_type":"url","episodes":"all"}
2025-05-30 00:27:53 {"vid":"41565","goods_type":"url","episodes":"all"}
2025-05-30 00:46:26 {"vid":"41565","goods_type":"url","episodes":"all"}
